[     349ms] [ERROR] Failed to load resource: the server responded with a status of 401 () @ https://dashboard-l7fsagvj2-guaroxs-projects.vercel.app/:0
[    1164ms] [ERROR] Loading the font 'https://k2mkucxia43oc7fa.public.blob.vercel-storage.com/front/fonts/space-mono/space-mono-v11-latin-regular.woff2' violates the following Content Security Policy directive: "font-src 'self' *.vercel.com *.gstatic.com vercel.live". The action has been blocked. @ https://vercel.com/login?next=%2Fsso-api%3Furl%3Dhttps%253A%252F%252Fdashboard-l7fsagvj2-guaroxs-projects.vercel.app%252F%26nonce%3Da36f8e300c7e52894f39f7eaa7183310ff564b731ab410cb6f08824a8cc6b40f:125
[    1390ms] [LOG] %c
▲

 _____ _              _                    _   _             __
|_   _| |__   ___    / \   __ _  ___ _ __ | |_(_) ___       / /
  | | | '_ \ / _ \  / _ \ / _` |/ _ \ '_ \| __| |/ __|     / /
  | | | | | |  __/ / ___ \ (_| |  __/ | | | |_| | (__     /_/
  |_| |_| |_|\___|/_/   \_\__, |\___|_| |_|\__|_|\___|    (_)
                           |___/
 ___        __               _                   _                 _
|_ _|_ __  / _|_ __ __ _ ___| |_ _ __ _   _  ___| |_ _   _ _ __ ___
 | || '_ \| |_| '__/ _` / __| __| '__| | | |/ __| __| | | | '__/ _ \
 | || | | |  _| | | (_| \__ \ |_| |  | |_| | (__| |_| |_| | | |  __/
|___|_| |_|_| |_|  \__,_|___/\__|_|   \__,_|\___|\__|\__,_|_|  \___|
  

Hello!

- Open Source https://vercel.com/oss
- Careers https://vercel.com/careers
- Status https://vercel-status.com

 font-family: "Geist Mono", monospace; white-space: pre; line-height: 1; @ https://vercel.com/_next/static/chunks/2g0axoh_w9yfh.js?dpl=dpl_68xkQpqWidANrf3KyH9JWTXbHMHq:78
[    1744ms] [WARNING] [GSI_LOGGER]: Your client application uses one of the Google One Tap prompt UI status methods that may stop functioning when FedCM becomes mandatory. Refer to the migration guide to update your code accordingly and opt-in to FedCM to test your changes. Learn more: https://developers.google.com/identity/gsi/web/guides/fedcm-migration?s=dc#display_moment and https://developers.google.com/identity/gsi/web/guides/fedcm-migration?s=dc#skipped_moment @ https://accounts.google.com/gsi/client:84
[    1747ms] [ERROR] Not signed in with the identity provider. @ https://vercel.com/login?next=%2Fsso-api%3Furl%3Dhttps%253A%252F%252Fdashboard-l7fsagvj2-guaroxs-projects.vercel.app%252F%26nonce%3Da36f8e300c7e52894f39f7eaa7183310ff564b731ab410cb6f08824a8cc6b40f:0
[    2056ms] [WARNING] Deprecated API for given entry type. @ https://vercel.com/_next/static/chunks/1a7e-ig7xwiza.js?dpl=dpl_68xkQpqWidANrf3KyH9JWTXbHMHq:18
[    2115ms] [ERROR] Failed to load resource: the server responded with a status of 403 () @ https://vercel.com/api/jwt:0
[    2116ms] [ERROR] Failed to load resource: net::ERR_CERT_DATE_INVALID @ https://cdn1.vercel.com/vercel.svg:0
[    5363ms] [WARNING] The resource https://vercel.com/_next/static/chunks/3s9xoq984y15y.css?dpl=dpl_68xkQpqWidANrf3KyH9JWTXbHMHq was preloaded using link preload but not used within a few seconds from the window's load event. Please make sure it has an appropriate `as` value and it is preloaded intentionally. @ https://vercel.com/login?next=%2Fsso-api%3Furl%3Dhttps%253A%252F%252Fdashboard-l7fsagvj2-guaroxs-projects.vercel.app%252F%26nonce%3Da36f8e300c7e52894f39f7eaa7183310ff564b731ab410cb6f08824a8cc6b40f:0
[    8619ms] [ERROR] [GSI_LOGGER]: FedCM get() rejects with NetworkError: Error retrieving a token. @ https://vercel.com/_next/static/chunks/41hybr97cyqp2.js?dpl=dpl_68xkQpqWidANrf3KyH9JWTXbHMHq:1
[   11722ms] [WARNING] The resource https://vercel.com/_next/static/chunks/3s9xoq984y15y.css?dpl=dpl_68xkQpqWidANrf3KyH9JWTXbHMHq was preloaded using link preload but not used within a few seconds from the window's load event. Please make sure it has an appropriate `as` value and it is preloaded intentionally. @ https://vercel.com/login?next=%2Fsso-api%3Furl%3Dhttps%253A%252F%252Fdashboard-l7fsagvj2-guaroxs-projects.vercel.app%252F%26nonce%3Da36f8e300c7e52894f39f7eaa7183310ff564b731ab410cb6f08824a8cc6b40f:0
[   15598ms] [WARNING] The resource https://vercel.com/_next/static/chunks/3s9xoq984y15y.css?dpl=dpl_68xkQpqWidANrf3KyH9JWTXbHMHq was preloaded using link preload but not used within a few seconds from the window's load event. Please make sure it has an appropriate `as` value and it is preloaded intentionally. @ https://vercel.com/login?next=%2Fsso-api%3Furl%3Dhttps%253A%252F%252Fdashboard-l7fsagvj2-guaroxs-projects.vercel.app%252F%26nonce%3Da36f8e300c7e52894f39f7eaa7183310ff564b731ab410cb6f08824a8cc6b40f:0
